<?xml version="1.0" encoding="UTF-8"?>
<!-- Generated by org.testng.reporters.JUnitReportReporter -->
<testsuite hostname="DESKTOP-FI1EJ2S" failures="0" tests="1" name="scripts.TestCase2" time="29.030" errors="0" timestamp="2023-09-07T08:47:50 IST" skipped="0">
  <testcase classname="scripts.TestCase2" name="testCase2" time="29.030"/>
</testsuite> <!-- scripts.TestCase2 -->
