<?xml version="1.0" encoding="UTF-8"?>
<!-- Generated by org.testng.reporters.JUnitReportReporter -->
<testsuite hostname="DESKTOP-FI1EJ2S" failures="0" tests="1" name="scripts.TestCase1" time="30.313" errors="0" timestamp="2023-09-06T11:11:39 IST" skipped="0">
  <testcase classname="scripts.TestCase1" name="testCase1" time="30.313"/>
</testsuite> <!-- scripts.TestCase1 -->
